2025-01-02 15:04:19,449 [INFO] No monitored addresses in session state. Skipping monitoring.
2025-01-02 15:04:23,787 [INFO] No monitored addresses in session state. Skipping monitoring.
2025-01-02 15:04:25,257 [INFO] libssl detected, it will be used for encryption
2025-01-02 15:04:27,071 [INFO] Added token jf.x.com (hi) with Dev Holding (%): 0.00% and Liquidity: $38,719.17
2025-01-02 15:04:29,052 [INFO] sync_tokens_to_koh_history completed successfully.
2025-01-02 15:04:53,327 [INFO] No monitored addresses in session state. Skipping monitoring.
2025-01-02 15:04:53,597 [INFO] Updated token jf.x.com with new Market Cap: 311.058084293 SOL
2025-01-02 15:55:20,050 [INFO] No monitored addresses in session state. Skipping monitoring.
2025-01-02 15:55:23,072 [INFO] No monitored addresses in session state. Skipping monitoring.
2025-01-02 15:55:23,683 [INFO] libssl detected, it will be used for encryption
2025-01-02 15:55:24,933 [INFO] Added token D.O.G.E (D.O.G.E) with Dev Holding (%): 0.00% and Liquidity: $33,637.14
2025-01-02 15:55:26,044 [INFO] sync_tokens_to_koh_history completed successfully.
2025-01-02 16:00:20,751 [INFO] No monitored addresses in session state. Skipping monitoring.
2025-01-02 16:00:22,366 [INFO] Added token PPC (Pharaoh Pepe) with Dev Holding (%): 0.00% and Liquidity: $33,772.01
2025-01-02 16:00:23,388 [INFO] sync_tokens_to_koh_history completed successfully.
2025-01-02 16:05:39,773 [INFO] No monitored addresses in session state. Skipping monitoring.
2025-01-02 16:05:40,674 [INFO] Added token AIKAT (AI KAT) with Dev Holding (%): 0.00% and Liquidity: $12,975.60
2025-01-02 16:05:42,116 [INFO] sync_tokens_to_koh_history completed successfully.
2025-01-02 16:13:50,926 [INFO] No monitored addresses in session state. Skipping monitoring.
2025-01-02 16:18:52,187 [INFO] No monitored addresses in session state. Skipping monitoring.
